{"/tmp/cc-agent/58046911/project/src/app.js": {"path":"/tmp/cc-agent/58046911/project/src/app.js","statementMap":{"0":{"start":{"line":19,"column":16},"end":{"line":19,"column":34}},"1":{"start":{"line":20,"column":13},"end":{"line":20,"column":28}},"2":{"start":{"line":21,"column":22},"end":{"line":21,"column":55}},"3":{"start":{"line":22,"column":21},"end":{"line":22,"column":57}},"4":{"start":{"line":24,"column":12},"end":{"line":24,"column":21}},"5":{"start":{"line":26,"column":0},"end":{"line":26,"column":16}},"6":{"start":{"line":27,"column":0},"end":{"line":27,"column":24}},"7":{"start":{"line":28,"column":0},"end":{"line":28,"column":48}},"8":{"start":{"line":30,"column":0},"end":{"line":32,"column":3}},"9":{"start":{"line":31,"column":2},"end":{"line":31,"column":70}},"10":{"start":{"line":34,"column":0},"end":{"line":34,"column":40}},"11":{"start":{"line":36,"column":0},"end":{"line":36,"column":22}},"12":{"start":{"line":38,"column":0},"end":{"line":38,"column":21}}},"fnMap":{"0":{"name":"(anonymous_0)","decl":{"start":{"line":30,"column":13},"end":{"line":30,"column":14}},"loc":{"start":{"line":30,"column":27},"end":{"line":32,"column":1}},"line":30}},"branchMap":{},"s":{"0":1,"1":1,"2":1,"3":1,"4":1,"5":1,"6":1,"7":1,"8":1,"9":0,"10":1,"11":1,"12":1},"f":{"0":0},"b":{},"_coverageSchema":"1a1c01bbd47fc00a2c39e90264f33305004495a9","hash":"289b4b399c0d3e339e0b53962ce3a815d5450e2d"}
,"/tmp/cc-agent/58046911/project/src/controllers/productController.js": {"path":"/tmp/cc-agent/58046911/project/src/controllers/productController.js","statementMap":{"0":{"start":{"line":14,"column":16},"end":{"line":14,"column":44}},"1":{"start":{"line":23,"column":22},"end":{"line":46,"column":1}},"2":{"start":{"line":24,"column":2},"end":{"line":45,"column":3}},"3":{"start":{"line":25,"column":71},"end":{"line":25,"column":79}},"4":{"start":{"line":27,"column":4},"end":{"line":29,"column":5}},"5":{"start":{"line":28,"column":6},"end":{"line":28,"column":73}},"6":{"start":{"line":31,"column":20},"end":{"line":36,"column":6}},"7":{"start":{"line":38,"column":25},"end":{"line":38,"column":45}},"8":{"start":{"line":39,"column":4},"end":{"line":39,"column":39}},"9":{"start":{"line":41,"column":4},"end":{"line":43,"column":5}},"10":{"start":{"line":42,"column":6},"end":{"line":42,"column":60}},"11":{"start":{"line":44,"column":4},"end":{"line":44,"column":75}},"12":{"start":{"line":48,"column":23},"end":{"line":55,"column":1}},"13":{"start":{"line":49,"column":2},"end":{"line":54,"column":3}},"14":{"start":{"line":50,"column":21},"end":{"line":50,"column":41}},"15":{"start":{"line":51,"column":4},"end":{"line":51,"column":35}},"16":{"start":{"line":53,"column":4},"end":{"line":53,"column":76}},"17":{"start":{"line":57,"column":23},"end":{"line":72,"column":1}},"18":{"start":{"line":58,"column":2},"end":{"line":71,"column":3}},"19":{"start":{"line":59,"column":20},"end":{"line":59,"column":57}},"20":{"start":{"line":61,"column":4},"end":{"line":63,"column":5}},"21":{"start":{"line":62,"column":6},"end":{"line":62,"column":66}},"22":{"start":{"line":65,"column":4},"end":{"line":65,"column":34}},"23":{"start":{"line":67,"column":4},"end":{"line":69,"column":5}},"24":{"start":{"line":68,"column":6},"end":{"line":68,"column":67}},"25":{"start":{"line":70,"column":4},"end":{"line":70,"column":75}},"26":{"start":{"line":74,"column":22},"end":{"line":106,"column":1}},"27":{"start":{"line":75,"column":2},"end":{"line":105,"column":3}},"28":{"start":{"line":76,"column":71},"end":{"line":76,"column":79}},"29":{"start":{"line":78,"column":4},"end":{"line":80,"column":5}},"30":{"start":{"line":79,"column":6},"end":{"line":79,"column":82}},"31":{"start":{"line":82,"column":4},"end":{"line":84,"column":5}},"32":{"start":{"line":83,"column":6},"end":{"line":83,"column":87}},"33":{"start":{"line":86,"column":20},"end":{"line":90,"column":5}},"34":{"start":{"line":92,"column":4},"end":{"line":94,"column":5}},"35":{"start":{"line":93,"column":6},"end":{"line":93,"column":66}},"36":{"start":{"line":96,"column":4},"end":{"line":96,"column":34}},"37":{"start":{"line":98,"column":4},"end":{"line":100,"column":5}},"38":{"start":{"line":99,"column":6},"end":{"line":99,"column":60}},"39":{"start":{"line":101,"column":4},"end":{"line":103,"column":5}},"40":{"start":{"line":102,"column":6},"end":{"line":102,"column":67}},"41":{"start":{"line":104,"column":4},"end":{"line":104,"column":75}},"42":{"start":{"line":108,"column":22},"end":{"line":123,"column":1}},"43":{"start":{"line":109,"column":2},"end":{"line":122,"column":3}},"44":{"start":{"line":110,"column":20},"end":{"line":110,"column":66}},"45":{"start":{"line":112,"column":4},"end":{"line":114,"column":5}},"46":{"start":{"line":113,"column":6},"end":{"line":113,"column":66}},"47":{"start":{"line":116,"column":4},"end":{"line":116,"column":79}},"48":{"start":{"line":118,"column":4},"end":{"line":120,"column":5}},"49":{"start":{"line":119,"column":6},"end":{"line":119,"column":67}},"50":{"start":{"line":121,"column":4},"end":{"line":121,"column":75}},"51":{"start":{"line":125,"column":22},"end":{"line":153,"column":1}},"52":{"start":{"line":126,"column":2},"end":{"line":152,"column":3}},"53":{"start":{"line":127,"column":23},"end":{"line":127,"column":31}},"54":{"start":{"line":129,"column":4},"end":{"line":131,"column":5}},"55":{"start":{"line":130,"column":6},"end":{"line":130,"column":81}},"56":{"start":{"line":133,"column":4},"end":{"line":135,"column":5}},"57":{"start":{"line":134,"column":6},"end":{"line":134,"column":74}},"58":{"start":{"line":137,"column":20},"end":{"line":137,"column":57}},"59":{"start":{"line":139,"column":4},"end":{"line":141,"column":5}},"60":{"start":{"line":140,"column":6},"end":{"line":140,"column":66}},"61":{"start":{"line":143,"column":4},"end":{"line":143,"column":37}},"62":{"start":{"line":144,"column":4},"end":{"line":144,"column":25}},"63":{"start":{"line":146,"column":4},"end":{"line":146,"column":34}},"64":{"start":{"line":148,"column":4},"end":{"line":150,"column":5}},"65":{"start":{"line":149,"column":6},"end":{"line":149,"column":67}},"66":{"start":{"line":151,"column":4},"end":{"line":151,"column":75}},"67":{"start":{"line":163,"column":22},"end":{"line":195,"column":1}},"68":{"start":{"line":164,"column":2},"end":{"line":194,"column":3}},"69":{"start":{"line":165,"column":23},"end":{"line":165,"column":31}},"70":{"start":{"line":167,"column":4},"end":{"line":169,"column":5}},"71":{"start":{"line":168,"column":6},"end":{"line":168,"column":81}},"72":{"start":{"line":171,"column":4},"end":{"line":173,"column":5}},"73":{"start":{"line":172,"column":6},"end":{"line":172,"column":74}},"74":{"start":{"line":175,"column":20},"end":{"line":175,"column":57}},"75":{"start":{"line":177,"column":4},"end":{"line":179,"column":5}},"76":{"start":{"line":178,"column":6},"end":{"line":178,"column":66}},"77":{"start":{"line":181,"column":4},"end":{"line":183,"column":5}},"78":{"start":{"line":182,"column":6},"end":{"line":182,"column":67}},"79":{"start":{"line":185,"column":4},"end":{"line":185,"column":37}},"80":{"start":{"line":186,"column":4},"end":{"line":186,"column":25}},"81":{"start":{"line":188,"column":4},"end":{"line":188,"column":34}},"82":{"start":{"line":190,"column":4},"end":{"line":192,"column":5}},"83":{"start":{"line":191,"column":6},"end":{"line":191,"column":67}},"84":{"start":{"line":193,"column":4},"end":{"line":193,"column":75}},"85":{"start":{"line":197,"column":28},"end":{"line":207,"column":1}},"86":{"start":{"line":198,"column":2},"end":{"line":206,"column":3}},"87":{"start":{"line":199,"column":21},"end":{"line":201,"column":6}},"88":{"start":{"line":203,"column":4},"end":{"line":203,"column":35}},"89":{"start":{"line":205,"column":4},"end":{"line":205,"column":86}},"90":{"start":{"line":209,"column":0},"end":{"line":218,"column":2}}},"fnMap":{"0":{"name":"(anonymous_0)","decl":{"start":{"line":23,"column":22},"end":{"line":23,"column":23}},"loc":{"start":{"line":23,"column":42},"end":{"line":46,"column":1}},"line":23},"1":{"name":"(anonymous_1)","decl":{"start":{"line":48,"column":23},"end":{"line":48,"column":24}},"loc":{"start":{"line":48,"column":43},"end":{"line":55,"column":1}},"line":48},"2":{"name":"(anonymous_2)","decl":{"start":{"line":57,"column":23},"end":{"line":57,"column":24}},"loc":{"start":{"line":57,"column":43},"end":{"line":72,"column":1}},"line":57},"3":{"name":"(anonymous_3)","decl":{"start":{"line":74,"column":22},"end":{"line":74,"column":23}},"loc":{"start":{"line":74,"column":42},"end":{"line":106,"column":1}},"line":74},"4":{"name":"(anonymous_4)","decl":{"start":{"line":108,"column":22},"end":{"line":108,"column":23}},"loc":{"start":{"line":108,"column":42},"end":{"line":123,"column":1}},"line":108},"5":{"name":"(anonymous_5)","decl":{"start":{"line":125,"column":22},"end":{"line":125,"column":23}},"loc":{"start":{"line":125,"column":42},"end":{"line":153,"column":1}},"line":125},"6":{"name":"(anonymous_6)","decl":{"start":{"line":163,"column":22},"end":{"line":163,"column":23}},"loc":{"start":{"line":163,"column":42},"end":{"line":195,"column":1}},"line":163},"7":{"name":"(anonymous_7)","decl":{"start":{"line":197,"column":28},"end":{"line":197,"column":29}},"loc":{"start":{"line":197,"column":48},"end":{"line":207,"column":1}},"line":197}},"branchMap":{"0":{"loc":{"start":{"line":27,"column":4},"end":{"line":29,"column":5}},"type":"if","locations":[{"start":{"line":27,"column":4},"end":{"line":29,"column":5}},{"start":{},"end":{}}],"line":27},"1":{"loc":{"start":{"line":41,"column":4},"end":{"line":43,"column":5}},"type":"if","locations":[{"start":{"line":41,"column":4},"end":{"line":43,"column":5}},{"start":{},"end":{}}],"line":41},"2":{"loc":{"start":{"line":61,"column":4},"end":{"line":63,"column":5}},"type":"if","locations":[{"start":{"line":61,"column":4},"end":{"line":63,"column":5}},{"start":{},"end":{}}],"line":61},"3":{"loc":{"start":{"line":67,"column":4},"end":{"line":69,"column":5}},"type":"if","locations":[{"start":{"line":67,"column":4},"end":{"line":69,"column":5}},{"start":{},"end":{}}],"line":67},"4":{"loc":{"start":{"line":78,"column":4},"end":{"line":80,"column":5}},"type":"if","locations":[{"start":{"line":78,"column":4},"end":{"line":80,"column":5}},{"start":{},"end":{}}],"line":78},"5":{"loc":{"start":{"line":78,"column":8},"end":{"line":78,"column":58}},"type":"binary-expr","locations":[{"start":{"line":78,"column":8},"end":{"line":78,"column":36}},{"start":{"line":78,"column":40},"end":{"line":78,"column":58}}],"line":78},"6":{"loc":{"start":{"line":82,"column":4},"end":{"line":84,"column":5}},"type":"if","locations":[{"start":{"line":82,"column":4},"end":{"line":84,"column":5}},{"start":{},"end":{}}],"line":82},"7":{"loc":{"start":{"line":82,"column":8},"end":{"line":82,"column":68}},"type":"binary-expr","locations":[{"start":{"line":82,"column":8},"end":{"line":82,"column":41}},{"start":{"line":82,"column":45},"end":{"line":82,"column":68}}],"line":82},"8":{"loc":{"start":{"line":92,"column":4},"end":{"line":94,"column":5}},"type":"if","locations":[{"start":{"line":92,"column":4},"end":{"line":94,"column":5}},{"start":{},"end":{}}],"line":92},"9":{"loc":{"start":{"line":98,"column":4},"end":{"line":100,"column":5}},"type":"if","locations":[{"start":{"line":98,"column":4},"end":{"line":100,"column":5}},{"start":{},"end":{}}],"line":98},"10":{"loc":{"start":{"line":101,"column":4},"end":{"line":103,"column":5}},"type":"if","locations":[{"start":{"line":101,"column":4},"end":{"line":103,"column":5}},{"start":{},"end":{}}],"line":101},"11":{"loc":{"start":{"line":112,"column":4},"end":{"line":114,"column":5}},"type":"if","locations":[{"start":{"line":112,"column":4},"end":{"line":114,"column":5}},{"start":{},"end":{}}],"line":112},"12":{"loc":{"start":{"line":118,"column":4},"end":{"line":120,"column":5}},"type":"if","locations":[{"start":{"line":118,"column":4},"end":{"line":120,"column":5}},{"start":{},"end":{}}],"line":118},"13":{"loc":{"start":{"line":129,"column":4},"end":{"line":131,"column":5}},"type":"if","locations":[{"start":{"line":129,"column":4},"end":{"line":131,"column":5}},{"start":{},"end":{}}],"line":129},"14":{"loc":{"start":{"line":129,"column":8},"end":{"line":129,"column":30}},"type":"binary-expr","locations":[{"start":{"line":129,"column":8},"end":{"line":129,"column":15}},{"start":{"line":129,"column":19},"end":{"line":129,"column":30}}],"line":129},"15":{"loc":{"start":{"line":133,"column":4},"end":{"line":135,"column":5}},"type":"if","locations":[{"start":{"line":133,"column":4},"end":{"line":135,"column":5}},{"start":{},"end":{}}],"line":133},"16":{"loc":{"start":{"line":139,"column":4},"end":{"line":141,"column":5}},"type":"if","locations":[{"start":{"line":139,"column":4},"end":{"line":141,"column":5}},{"start":{},"end":{}}],"line":139},"17":{"loc":{"start":{"line":148,"column":4},"end":{"line":150,"column":5}},"type":"if","locations":[{"start":{"line":148,"column":4},"end":{"line":150,"column":5}},{"start":{},"end":{}}],"line":148},"18":{"loc":{"start":{"line":167,"column":4},"end":{"line":169,"column":5}},"type":"if","locations":[{"start":{"line":167,"column":4},"end":{"line":169,"column":5}},{"start":{},"end":{}}],"line":167},"19":{"loc":{"start":{"line":167,"column":8},"end":{"line":167,"column":30}},"type":"binary-expr","locations":[{"start":{"line":167,"column":8},"end":{"line":167,"column":15}},{"start":{"line":167,"column":19},"end":{"line":167,"column":30}}],"line":167},"20":{"loc":{"start":{"line":171,"column":4},"end":{"line":173,"column":5}},"type":"if","locations":[{"start":{"line":171,"column":4},"end":{"line":173,"column":5}},{"start":{},"end":{}}],"line":171},"21":{"loc":{"start":{"line":177,"column":4},"end":{"line":179,"column":5}},"type":"if","locations":[{"start":{"line":177,"column":4},"end":{"line":179,"column":5}},{"start":{},"end":{}}],"line":177},"22":{"loc":{"start":{"line":181,"column":4},"end":{"line":183,"column":5}},"type":"if","locations":[{"start":{"line":181,"column":4},"end":{"line":183,"column":5}},{"start":{},"end":{}}],"line":181},"23":{"loc":{"start":{"line":190,"column":4},"end":{"line":192,"column":5}},"type":"if","locations":[{"start":{"line":190,"column":4},"end":{"line":192,"column":5}},{"start":{},"end":{}}],"line":190}},"s":{"0":1,"1":1,"2":2,"3":2,"4":2,"5":1,"6":1,"7":1,"8":1,"9":0,"10":0,"11":0,"12":1,"13":1,"14":1,"15":1,"16":0,"17":1,"18":2,"19":2,"20":2,"21":1,"22":1,"23":0,"24":0,"25":0,"26":1,"27":1,"28":1,"29":1,"30":0,"31":1,"32":0,"33":1,"34":1,"35":0,"36":1,"37":0,"38":0,"39":0,"40":0,"41":0,"42":1,"43":1,"44":1,"45":1,"46":0,"47":1,"48":0,"49":0,"50":0,"51":1,"52":3,"53":3,"54":3,"55":2,"56":1,"57":0,"58":1,"59":1,"60":0,"61":1,"62":1,"63":1,"64":0,"65":0,"66":0,"67":1,"68":4,"69":4,"70":4,"71":1,"72":3,"73":0,"74":3,"75":3,"76":0,"77":3,"78":1,"79":2,"80":2,"81":2,"82":0,"83":0,"84":0,"85":1,"86":2,"87":2,"88":2,"89":0,"90":1},"f":{"0":2,"1":1,"2":2,"3":1,"4":1,"5":3,"6":4,"7":2},"b":{"0":[1,1],"1":[0,0],"2":[1,1],"3":[0,0],"4":[0,1],"5":[1,1],"6":[0,1],"7":[1,0],"8":[0,1],"9":[0,0],"10":[0,0],"11":[0,1],"12":[0,0],"13":[2,1],"14":[3,2],"15":[0,1],"16":[0,1],"17":[0,0],"18":[1,3],"19":[4,4],"20":[0,3],"21":[0,3],"22":[1,2],"23":[0,0]},"_coverageSchema":"1a1c01bbd47fc00a2c39e90264f33305004495a9","hash":"229814f03f1d567f8c243ead468f5f92cb9332f8"}
,"/tmp/cc-agent/58046911/project/src/middleware/errorHandler.js": {"path":"/tmp/cc-agent/58046911/project/src/middleware/errorHandler.js","statementMap":{"0":{"start":{"line":1,"column":21},"end":{"line":13,"column":1}},"1":{"start":{"line":2,"column":2},"end":{"line":2,"column":27}},"2":{"start":{"line":4,"column":2},"end":{"line":6,"column":3}},"3":{"start":{"line":5,"column":4},"end":{"line":5,"column":56}},"4":{"start":{"line":8,"column":2},"end":{"line":10,"column":3}},"5":{"start":{"line":9,"column":4},"end":{"line":9,"column":64}},"6":{"start":{"line":12,"column":2},"end":{"line":12,"column":59}},"7":{"start":{"line":15,"column":0},"end":{"line":15,"column":30}}},"fnMap":{"0":{"name":"(anonymous_0)","decl":{"start":{"line":1,"column":21},"end":{"line":1,"column":22}},"loc":{"start":{"line":1,"column":46},"end":{"line":13,"column":1}},"line":1}},"branchMap":{"0":{"loc":{"start":{"line":4,"column":2},"end":{"line":6,"column":3}},"type":"if","locations":[{"start":{"line":4,"column":2},"end":{"line":6,"column":3}},{"start":{},"end":{}}],"line":4},"1":{"loc":{"start":{"line":8,"column":2},"end":{"line":10,"column":3}},"type":"if","locations":[{"start":{"line":8,"column":2},"end":{"line":10,"column":3}},{"start":{},"end":{}}],"line":8}},"s":{"0":1,"1":0,"2":0,"3":0,"4":0,"5":0,"6":0,"7":1},"f":{"0":0},"b":{"0":[0,0],"1":[0,0]},"_coverageSchema":"1a1c01bbd47fc00a2c39e90264f33305004495a9","hash":"fda5f1bd697b410432900498777b6cab053fdf83"}
,"/tmp/cc-agent/58046911/project/src/models/Product.js": {"path":"/tmp/cc-agent/58046911/project/src/models/Product.js","statementMap":{"0":{"start":{"line":1,"column":17},"end":{"line":1,"column":36}},"1":{"start":{"line":3,"column":22},"end":{"line":36,"column":1}},"2":{"start":{"line":38,"column":16},"end":{"line":38,"column":56}},"3":{"start":{"line":40,"column":0},"end":{"line":40,"column":25}}},"fnMap":{},"branchMap":{},"s":{"0":1,"1":1,"2":1,"3":1},"f":{},"b":{},"_coverageSchema":"1a1c01bbd47fc00a2c39e90264f33305004495a9","hash":"327ba28e2c7346f7f6db52dcbb2794ebc0d3157c"}
,"/tmp/cc-agent/58046911/project/src/routes/productRoutes.js": {"path":"/tmp/cc-agent/58046911/project/src/routes/productRoutes.js","statementMap":{"0":{"start":{"line":22,"column":16},"end":{"line":22,"column":34}},"1":{"start":{"line":23,"column":15},"end":{"line":23,"column":31}},"2":{"start":{"line":33,"column":4},"end":{"line":33,"column":47}},"3":{"start":{"line":35,"column":0},"end":{"line":35,"column":46}},"4":{"start":{"line":37,"column":0},"end":{"line":37,"column":32}},"5":{"start":{"line":38,"column":0},"end":{"line":38,"column":32}},"6":{"start":{"line":39,"column":0},"end":{"line":39,"column":35}},"7":{"start":{"line":40,"column":0},"end":{"line":40,"column":34}},"8":{"start":{"line":41,"column":0},"end":{"line":41,"column":37}},"9":{"start":{"line":43,"column":0},"end":{"line":43,"column":45}},"10":{"start":{"line":44,"column":0},"end":{"line":44,"column":45}},"11":{"start":{"line":46,"column":0},"end":{"line":46,"column":24}}},"fnMap":{},"branchMap":{},"s":{"0":1,"1":1,"2":1,"3":1,"4":1,"5":1,"6":1,"7":1,"8":1,"9":1,"10":1,"11":1},"f":{},"b":{},"_coverageSchema":"1a1c01bbd47fc00a2c39e90264f33305004495a9","hash":"14b55f31e7f6dfcab429affb4eac24cc2e95201f"}
}
