TN:
SF:src/app.js
FN:30,(anonymous_0)
FNF:1
FNH:0
FNDA:0,(anonymous_0)
DA:19,1
DA:20,1
DA:21,1
DA:22,1
DA:24,1
DA:26,1
DA:27,1
DA:28,1
DA:30,1
DA:31,0
DA:34,1
DA:36,1
DA:38,1
LF:13
LH:12
BRF:0
BRH:0
end_of_record
TN:
SF:src/controllers/productController.js
FN:23,(anonymous_0)
FN:48,(anonymous_1)
FN:57,(anonymous_2)
FN:74,(anonymous_3)
FN:108,(anonymous_4)
FN:125,(anonymous_5)
FN:163,(anonymous_6)
FN:197,(anonymous_7)
FNF:8
FNH:8
FNDA:2,(anonymous_0)
FNDA:1,(anonymous_1)
FNDA:2,(anonymous_2)
FNDA:1,(anonymous_3)
FNDA:1,(anonymous_4)
FNDA:3,(anonymous_5)
FNDA:4,(anonymous_6)
FNDA:2,(anonymous_7)
DA:14,1
DA:23,1
DA:24,2
DA:25,2
DA:27,2
DA:28,1
DA:31,1
DA:38,1
DA:39,1
DA:41,0
DA:42,0
DA:44,0
DA:48,1
DA:49,1
DA:50,1
DA:51,1
DA:53,0
DA:57,1
DA:58,2
DA:59,2
DA:61,2
DA:62,1
DA:65,1
DA:67,0
DA:68,0
DA:70,0
DA:74,1
DA:75,1
DA:76,1
DA:78,1
DA:79,0
DA:82,1
DA:83,0
DA:86,1
DA:92,1
DA:93,0
DA:96,1
DA:98,0
DA:99,0
DA:101,0
DA:102,0
DA:104,0
DA:108,1
DA:109,1
DA:110,1
DA:112,1
DA:113,0
DA:116,1
DA:118,0
DA:119,0
DA:121,0
DA:125,1
DA:126,3
DA:127,3
DA:129,3
DA:130,2
DA:133,1
DA:134,0
DA:137,1
DA:139,1
DA:140,0
DA:143,1
DA:144,1
DA:146,1
DA:148,0
DA:149,0
DA:151,0
DA:163,1
DA:164,4
DA:165,4
DA:167,4
DA:168,1
DA:171,3
DA:172,0
DA:175,3
DA:177,3
DA:178,0
DA:181,3
DA:182,1
DA:185,2
DA:186,2
DA:188,2
DA:190,0
DA:191,0
DA:193,0
DA:197,1
DA:198,2
DA:199,2
DA:203,2
DA:205,0
DA:209,1
LF:91
LH:61
BRDA:27,0,0,1
BRDA:27,0,1,1
BRDA:41,1,0,0
BRDA:41,1,1,0
BRDA:61,2,0,1
BRDA:61,2,1,1
BRDA:67,3,0,0
BRDA:67,3,1,0
BRDA:78,4,0,0
BRDA:78,4,1,1
BRDA:78,5,0,1
BRDA:78,5,1,1
BRDA:82,6,0,0
BRDA:82,6,1,1
BRDA:82,7,0,1
BRDA:82,7,1,0
BRDA:92,8,0,0
BRDA:92,8,1,1
BRDA:98,9,0,0
BRDA:98,9,1,0
BRDA:101,10,0,0
BRDA:101,10,1,0
BRDA:112,11,0,0
BRDA:112,11,1,1
BRDA:118,12,0,0
BRDA:118,12,1,0
BRDA:129,13,0,2
BRDA:129,13,1,1
BRDA:129,14,0,3
BRDA:129,14,1,2
BRDA:133,15,0,0
BRDA:133,15,1,1
BRDA:139,16,0,0
BRDA:139,16,1,1
BRDA:148,17,0,0
BRDA:148,17,1,0
BRDA:167,18,0,1
BRDA:167,18,1,3
BRDA:167,19,0,4
BRDA:167,19,1,4
BRDA:171,20,0,0
BRDA:171,20,1,3
BRDA:177,21,0,0
BRDA:177,21,1,3
BRDA:181,22,0,1
BRDA:181,22,1,2
BRDA:190,23,0,0
BRDA:190,23,1,0
BRF:48
BRH:25
end_of_record
TN:
SF:src/middleware/errorHandler.js
FN:1,(anonymous_0)
FNF:1
FNH:0
FNDA:0,(anonymous_0)
DA:1,1
DA:2,0
DA:4,0
DA:5,0
DA:8,0
DA:9,0
DA:12,0
DA:15,1
LF:8
LH:2
BRDA:4,0,0,0
BRDA:4,0,1,0
BRDA:8,1,0,0
BRDA:8,1,1,0
BRF:4
BRH:0
end_of_record
TN:
SF:src/models/Product.js
FNF:0
FNH:0
DA:1,1
DA:3,1
DA:38,1
DA:40,1
LF:4
LH:4
BRF:0
BRH:0
end_of_record
TN:
SF:src/routes/productRoutes.js
FNF:0
FNH:0
DA:22,1
DA:23,1
DA:33,1
DA:35,1
DA:37,1
DA:38,1
DA:39,1
DA:40,1
DA:41,1
DA:43,1
DA:44,1
DA:46,1
LF:12
LH:12
BRF:0
BRH:0
end_of_record
